<?xml version="1.0" encoding="UTF-8"?>
<!-- Generated by org.testng.reporters.JUnitReportReporter -->
<testsuite hostname="LSLRHR0213" name="sanityTesting.TC_EPC_Logout_002" tests="1" failures="0" timestamp="1 Jan 2018 07:23:36 GMT" time="0.002" errors="1">
  <testcase name="loginlogout" time="0.002" classname="sanityTesting.TC_EPC_Logout_002">
    <error type="org.openqa.selenium.remote.UnreachableBrowserException" message="Could not start a new session. Possible causes are invalid address of the remote server or browser start-up failure.
Build info: version: &#039;2.53.1&#039;, revision: &#039;a36b8b1&#039;, time: &#039;2016-06-30 17:37:03&#039;
System info: host: &#039;LSLRHR0213&#039;, ip: &#039;172.25.100.6&#039;, os.name: &#039;Windows 10&#039;, os.arch: &#039;amd64&#039;, os.version: &#039;10.0&#039;, java.version: &#039;1.8.0_101&#039;
Driver info: driver.version: EdgeDriver">
      <![CDATA[org.openqa.selenium.remote.UnreachableBrowserException: Could not start a new session. Possible causes are invalid address of the remote server or browser start-up failure.
Build info: version: '2.53.1', revision: 'a36b8b1', time: '2016-06-30 17:37:03'
System info: host: 'LSLRHR0213', ip: '172.25.100.6', os.name: 'Windows 10', os.arch: 'amd64', os.version: '10.0', java.version: '1.8.0_101'
Driver info: driver.version: EdgeDriver
	at org.openqa.selenium.remote.RemoteWebDriver.execute(RemoteWebDriver.java:665)
	at org.openqa.selenium.remote.RemoteWebDriver.startSession(RemoteWebDriver.java:249)
	at org.openqa.selenium.remote.RemoteWebDriver.<init>(RemoteWebDriver.java:131)
	at org.openqa.selenium.remote.RemoteWebDriver.<init>(RemoteWebDriver.java:144)
	at org.openqa.selenium.edge.EdgeDriver.<init>(EdgeDriver.java:152)
	at org.openqa.selenium.edge.EdgeDriver.<init>(EdgeDriver.java:141)
	at org.openqa.selenium.edge.EdgeDriver.<init>(EdgeDriver.java:98)
	at libraries.SuperTestNGBeforeAndAfterMethod.beforeMethod(SuperTestNGBeforeAndAfterMethod.java:56)
	at sun.reflect.NativeMethodAccessorImpl.invoke0(Native Method)
	at sun.reflect.NativeMethodAccessorImpl.invoke(Unknown Source)
	at sun.reflect.DelegatingMethodAccessorImpl.invoke(Unknown Source)
	at java.lang.reflect.Method.invoke(Unknown Source)
	at org.testng.internal.MethodInvocationHelper.invokeMethod(MethodInvocationHelper.java:85)
	at org.testng.internal.Invoker.invokeConfigurationMethod(Invoker.java:510)
	at org.testng.internal.Invoker.invokeConfigurations(Invoker.java:211)
	at org.testng.internal.Invoker.invokeMethod(Invoker.java:585)
	at org.testng.internal.Invoker.invokeTestMethod(Invoker.java:816)
	at org.testng.internal.Invoker.invokeTestMethods(Invoker.java:1124)
	at org.testng.internal.TestMethodWorker.invokeTestMethods(TestMethodWorker.java:125)
	at org.testng.internal.TestMethodWorker.run(TestMethodWorker.java:108)
	at org.testng.TestRunner.privateRun(TestRunner.java:774)
	at org.testng.TestRunner.run(TestRunner.java:624)
	at org.testng.SuiteRunner.runTest(SuiteRunner.java:359)
	at org.testng.SuiteRunner.runSequentially(SuiteRunner.java:354)
	at org.testng.SuiteRunner.privateRun(SuiteRunner.java:312)
	at org.testng.SuiteRunner.run(SuiteRunner.java:261)
	at org.testng.SuiteRunnerWorker.runSuite(SuiteRunnerWorker.java:52)
	at org.testng.SuiteRunnerWorker.run(SuiteRunnerWorker.java:86)
	at org.testng.TestNG.runSuitesSequentially(TestNG.java:1215)
	at org.testng.TestNG.runSuitesLocally(TestNG.java:1140)
	at org.testng.TestNG.run(TestNG.java:1048)
	at org.testng.remote.AbstractRemoteTestNG.run(AbstractRemoteTestNG.java:114)
	at org.testng.remote.RemoteTestNG.initAndRun(RemoteTestNG.java:251)
	at org.testng.remote.RemoteTestNG.main(RemoteTestNG.java:77)
Caused by: org.openqa.selenium.WebDriverException: Timed out waiting for driver server to start.
Build info: version: '2.53.1', revision: 'a36b8b1', time: '2016-06-30 17:37:03'
System info: host: 'LSLRHR0213', ip: '172.25.100.6', os.name: 'Windows 10', os.arch: 'amd64', os.version: '10.0', java.version: '1.8.0_101'
Driver info: driver.version: EdgeDriver
	at org.openqa.selenium.remote.service.DriverService.waitUntilAvailable(DriverService.java:178)
	at org.openqa.selenium.remote.service.DriverService.start(DriverService.java:166)
	at org.openqa.selenium.remote.service.DriverCommandExecutor.execute(DriverCommandExecutor.java:78)
	at org.openqa.selenium.remote.RemoteWebDriver.execute(RemoteWebDriver.java:644)
	... 33 more
Caused by: org.openqa.selenium.net.UrlChecker$TimeoutException: Timed out waiting for [http://localhost:36499/status] to be available after 20001 ms
	at org.openqa.selenium.net.UrlChecker.waitUntilAvailable(UrlChecker.java:107)
	at org.openqa.selenium.remote.service.DriverService.waitUntilAvailable(DriverService.java:175)
	... 36 more
Caused by: com.google.common.util.concurrent.UncheckedTimeoutException: java.util.concurrent.TimeoutException
	at com.google.common.util.concurrent.SimpleTimeLimiter.callWithTimeout(SimpleTimeLimiter.java:143)
	at org.openqa.selenium.net.UrlChecker.waitUntilAvailable(UrlChecker.java:80)
	... 37 more
Caused by: java.util.concurrent.TimeoutException
	at java.util.concurrent.FutureTask.get(Unknown Source)
	at com.google.common.util.concurrent.SimpleTimeLimiter.callWithTimeout(SimpleTimeLimiter.java:130)
	... 38 more
]]>
    </error>
  </testcase> <!-- loginlogout -->
</testsuite> <!-- sanityTesting.TC_EPC_Logout_002 -->
