<?xml version="1.0" encoding="UTF-8"?>
<!-- Generated by org.testng.reporters.JUnitReportReporter -->
<testsuite hostname="LSLRHR0213" name="sanityTesting.TC_EPC_SelectingOrderType_015" tests="1" failures="0" timestamp="4 Jan 2018 11:59:35 GMT" time="39.640" errors="0">
  <testcase name="SelectingOrderType" time="39.640" classname="sanityTesting.TC_EPC_SelectingOrderType_015"/>
</testsuite> <!-- sanityTesting.TC_EPC_SelectingOrderType_015 -->
