<?xml version="1.0" encoding="UTF-8"?>
<!-- Generated by org.testng.reporters.JUnitReportReporter -->
<testsuite hostname="LSLRHR0213" name="sanityTesting.TC_EPC_SelectingAccount_014" tests="1" failures="0" timestamp="4 Jan 2018 11:40:47 GMT" time="45.424" errors="0">
  <testcase name="SelectingAccount" time="45.424" classname="sanityTesting.TC_EPC_SelectingAccount_014"/>
</testsuite> <!-- sanityTesting.TC_EPC_SelectingAccount_014 -->
