<?xml version="1.0" encoding="UTF-8"?>
<!-- Generated by org.testng.reporters.JUnitReportReporter -->
<testsuite hostname="LSLRHR0213" name="sanityTesting.TC_EPC_NavigatingToMyAccounts_009" tests="1" failures="0" timestamp="3 Jan 2018 09:39:24 GMT" time="57.921" errors="0">
  <testcase name="NavigatingToMyAccounts" time="57.921" classname="sanityTesting.TC_EPC_NavigatingToMyAccounts_009"/>
</testsuite> <!-- sanityTesting.TC_EPC_NavigatingToMyAccounts_009 -->
