<?xml version="1.0" encoding="UTF-8"?>
<!-- Generated by org.testng.reporters.JUnitReportReporter -->
<testsuite hostname="LSLRHR0213" name="sanityTesting.TC_EPC_Login_001" tests="1" failures="0" timestamp="3 Jan 2018 08:21:13 GMT" time="52.394" errors="0">
  <testcase name="Login" time="52.394" classname="sanityTesting.TC_EPC_Login_001"/>
</testsuite> <!-- sanityTesting.TC_EPC_Login_001 -->
