<?xml version="1.0" encoding="UTF-8"?>
<!-- Generated by org.testng.reporters.JUnitReportReporter -->
<testsuite hostname="LSLRHR0213" name="EPCTestCases.TC_EPC_008_NavigatingToPendingOrders" tests="1" failures="0" timestamp="8 Jan 2018 06:12:05 GMT" time="23.441" errors="0">
  <testcase name="NavigatingToPendingOrders" time="23.441" classname="EPCTestCases.TC_EPC_008_NavigatingToPendingOrders"/>
</testsuite> <!-- EPCTestCases.TC_EPC_008_NavigatingToPendingOrders -->
