<?xml version="1.0" encoding="UTF-8"?>
<!-- Generated by org.testng.reporters.JUnitReportReporter -->
<testsuite hostname="LSLRHR0213" name="EPCTestCases.TC_EPC_014_ChangeImage" tests="1" failures="0" timestamp="8 Jan 2018 06:12:05 GMT" time="28.129" errors="0">
  <testcase name="ChangeImage" time="28.129" classname="EPCTestCases.TC_EPC_014_ChangeImage"/>
</testsuite> <!-- EPCTestCases.TC_EPC_014_ChangeImage -->
