<?xml version="1.0" encoding="UTF-8"?>
<!-- Generated by org.testng.reporters.JUnitReportReporter -->
<testsuite hostname="LSLRHR0213" name="sanityTesting.TC_EPC_NavigatingToPlacedOrders_008" tests="1" failures="0" timestamp="2 Jan 2018 12:06:27 GMT" time="38.221" errors="0">
  <testcase name="NavigatingToPlacedOrders" time="38.221" classname="sanityTesting.TC_EPC_NavigatingToPlacedOrders_008"/>
</testsuite> <!-- sanityTesting.TC_EPC_NavigatingToPlacedOrders_008 -->
