<?xml version="1.0" encoding="UTF-8"?>
<!-- Generated by org.testng.reporters.JUnitReportReporter -->
<testsuite hostname="LSLRHR0213" name="sanityTesting.TC_EPC_SearchItemxxxx_003" tests="1" failures="0" timestamp="2 Jan 2018 07:10:44 GMT" time="29.888" errors="0">
  <testcase name="SearchItem" time="29.888" classname="sanityTesting.TC_EPC_SearchItemxxxx_003"/>
</testsuite> <!-- sanityTesting.TC_EPC_SearchItemxxxx_003 -->
