<?xml version="1.0" encoding="UTF-8"?>
<!-- Generated by org.testng.reporters.JUnitReportReporter -->
<testsuite hostname="LSLRHR0213" name="EPCTestCases.TC_EPC_010_NavigatingToMessagesPage" tests="1" failures="0" timestamp="8 Jan 2018 06:12:05 GMT" time="27.411" errors="0">
  <testcase name="NavigatingToMessagesPage" time="27.411" classname="EPCTestCases.TC_EPC_010_NavigatingToMessagesPage"/>
</testsuite> <!-- EPCTestCases.TC_EPC_010_NavigatingToMessagesPage -->
