<?xml version="1.0" encoding="UTF-8"?>
<!-- Generated by org.testng.reporters.JUnitReportReporter -->
<testsuite hostname="LSLRHR0213" name="sanityTesting.TC_EPC_EnterOrderReferenceNumber_007" tests="1" failures="0" timestamp="5 Jan 2018 06:05:18 GMT" time="109.622" errors="0">
  <testcase name="EnterOrderReferenceNumber" time="109.622" classname="sanityTesting.TC_EPC_EnterOrderReferenceNumber_007"/>
</testsuite> <!-- sanityTesting.TC_EPC_EnterOrderReferenceNumber_007 -->
