<?xml version="1.0" encoding="UTF-8"?>
<!-- Generated by org.testng.reporters.JUnitReportReporter -->
<testsuite hostname="LSLRHR0213" name="sanityTesting.TC_EPC_GoToBasket_006" tests="1" failures="0" timestamp="2 Jan 2018 11:13:31 GMT" time="41.810" errors="0">
  <testcase name="GoToBasket" time="41.810" classname="sanityTesting.TC_EPC_GoToBasket_006"/>
</testsuite> <!-- sanityTesting.TC_EPC_GoToBasket_006 -->
