<?xml version="1.0" encoding="UTF-8"?>
<!-- Generated by org.testng.reporters.JUnitReportReporter -->
<testsuite hostname="LSLRHR0213" name="EPCTestCases.TC_EPC_006_NavigatingToPlacedOrders" tests="1" failures="0" timestamp="8 Jan 2018 06:12:05 GMT" time="23.364" errors="0">
  <testcase name="NavigatingToPlacedOrders" time="23.364" classname="EPCTestCases.TC_EPC_006_NavigatingToPlacedOrders"/>
</testsuite> <!-- EPCTestCases.TC_EPC_006_NavigatingToPlacedOrders -->
