<?xml version="1.0" encoding="UTF-8"?>
<!-- Generated by org.testng.reporters.JUnitReportReporter -->
<testsuite hostname="LSLRHRL0213" name="EPCTestCases.TC_EPC_014_ChangeImage" tests="1" failures="0" timestamp="22 Feb 2018 11:28:22 GMT" time="84.395" errors="0">
  <testcase name="ChangeImage" time="84.395" classname="EPCTestCases.TC_EPC_014_ChangeImage"/>
</testsuite> <!-- EPCTestCases.TC_EPC_014_ChangeImage -->
