<?xml version="1.0" encoding="UTF-8"?>
<!-- Generated by org.testng.reporters.JUnitReportReporter -->
<testsuite hostname="LSLRHR0213" name="libraries.SuperTestNGBeforeAndAfterMethod" tests="1" failures="0" timestamp="22 Nov 2017 13:25:19 GMT" time="14.943" errors="0">
  <testcase name="f" time="14.943" classname="libraries.SuperTestNGBeforeAndAfterMethod"/>
</testsuite> <!-- libraries.SuperTestNGBeforeAndAfterMethod -->
