<?xml version="1.0" encoding="UTF-8"?>
<!-- Generated by org.testng.reporters.JUnitReportReporter -->
<testsuite hostname="LSLRHR0213" name="basic.LoginLogout" tests="1" failures="0" timestamp="28 Nov 2017 07:19:29 GMT" time="136.218" errors="0">
  <testcase name="loginlogout" time="136.218" classname="basic.LoginLogout"/>
</testsuite> <!-- basic.LoginLogout -->
