<?xml version="1.0" encoding="UTF-8"?>
<!-- Generated by org.testng.reporters.JUnitReportReporter -->
<testsuite hostname="LSLRHR0213" name="sanityTesting.TC_EPC_NavigatingToMessagesPage_012" tests="1" failures="0" timestamp="3 Jan 2018 11:12:20 GMT" time="45.214" errors="0">
  <testcase name="NavigatingToMessagesPage" time="45.214" classname="sanityTesting.TC_EPC_NavigatingToMessagesPage_012"/>
</testsuite> <!-- sanityTesting.TC_EPC_NavigatingToMessagesPage_012 -->
