<?xml version="1.0" encoding="UTF-8"?>
<!-- Generated by org.testng.reporters.JUnitReportReporter -->
<testsuite hostname="LSLRHRL0213" name="EPCTestCases.TC_EPC_016_RegisterHere" tests="1" failures="0" timestamp="23 Feb 2018 12:09:15 GMT" time="35.123" errors="0">
  <testcase name="RegisterHere" time="35.123" classname="EPCTestCases.TC_EPC_016_RegisterHere"/>
</testsuite> <!-- EPCTestCases.TC_EPC_016_RegisterHere -->
