<?xml version="1.0" encoding="UTF-8"?>
<!-- Generated by org.testng.reporters.JUnitReportReporter -->
<testsuite hostname="LSLRHR0213" name="libraries.before" tests="1" failures="0" timestamp="21 Nov 2017 15:37:28 GMT" time="14.060" errors="0">
  <testcase name="f" time="14.060" classname="libraries.before"/>
</testsuite> <!-- libraries.before -->
