<?xml version="1.0" encoding="UTF-8"?>
<!-- Generated by org.testng.reporters.JUnitReportReporter -->
<testsuite hostname="LSLRHRL0213" name="EPCTestCases.TC_EPC_003_GlobalSearchItem" tests="1" failures="0" timestamp="7 Jun 2018 12:02:56 GMT" time="49.684" errors="0">
  <testcase name="GlobalSearchItem" time="49.684" classname="EPCTestCases.TC_EPC_003_GlobalSearchItem"/>
</testsuite> <!-- EPCTestCases.TC_EPC_003_GlobalSearchItem -->
