<?xml version="1.0" encoding="UTF-8"?>
<!-- Generated by org.testng.reporters.JUnitReportReporter -->
<testsuite hostname="LSLRHRL0213" name="EPCTestCases.TC_EPC_013_SelectingOrderType" tests="1" failures="0" timestamp="22 Feb 2018 11:28:22 GMT" time="87.312" errors="0">
  <testcase name="SelectingOrderType" time="87.312" classname="EPCTestCases.TC_EPC_013_SelectingOrderType"/>
</testsuite> <!-- EPCTestCases.TC_EPC_013_SelectingOrderType -->
