<?xml version="1.0" encoding="UTF-8"?>
<!-- Generated by org.testng.reporters.JUnitReportReporter -->
<testsuite hostname="LSLRHR0213" name="sanityTesting.TC_EPC_NavigatingToHomePage_013" tests="1" failures="0" timestamp="4 Jan 2018 11:10:42 GMT" time="75.044" errors="0">
  <testcase name="NavigatingToHomePage" time="75.044" classname="sanityTesting.TC_EPC_NavigatingToHomePage_013"/>
</testsuite> <!-- sanityTesting.TC_EPC_NavigatingToHomePage_013 -->
