<?xml version="1.0" encoding="UTF-8"?>
<!-- Generated by org.testng.reporters.JUnitReportReporter -->
<testsuite hostname="LSLRHR0213" name="sanityTesting.TC_EPC_NavigatingToPendingOrders_010" tests="1" failures="0" timestamp="3 Jan 2018 10:25:33 GMT" time="47.010" errors="0">
  <testcase name="NavigatingToPendingOrders" time="47.010" classname="sanityTesting.TC_EPC_NavigatingToPendingOrders_010"/>
</testsuite> <!-- sanityTesting.TC_EPC_NavigatingToPendingOrders_010 -->
