<?xml version="1.0" encoding="UTF-8"?>
<!-- Generated by org.testng.reporters.JUnitReportReporter -->
<testsuite hostname="LSLRHR0213" name="sanityTesting.TC_EPC_ChangeImage_016" tests="1" failures="0" timestamp="4 Jan 2018 12:28:59 GMT" time="35.861" errors="0">
  <testcase name="ChangeImage" time="35.861" classname="sanityTesting.TC_EPC_ChangeImage_016"/>
</testsuite> <!-- sanityTesting.TC_EPC_ChangeImage_016 -->
