<?xml version="1.0" encoding="UTF-8"?>
<!-- Generated by org.testng.reporters.JUnitReportReporter -->
<testsuite hostname="LSLRHRL0213" name="EPCTestCases.TC_EPC_001_Login" tests="1" failures="0" timestamp="7 Jun 2018 12:02:56 GMT" time="59.942" errors="0">
  <testcase name="Login" time="59.942" classname="EPCTestCases.TC_EPC_001_Login"/>
</testsuite> <!-- EPCTestCases.TC_EPC_001_Login -->
