<?xml version="1.0" encoding="UTF-8"?>
<!-- Generated by org.testng.reporters.JUnitReportReporter -->
<testsuite hostname="LSLRHRL0213" name="EPCTestCases.TC_EPC_006_NavigatingToPlacedOrders" tests="1" failures="0" timestamp="22 Feb 2018 11:28:22 GMT" time="35.158" errors="0">
  <testcase name="NavigatingToPlacedOrders" time="35.158" classname="EPCTestCases.TC_EPC_006_NavigatingToPlacedOrders"/>
</testsuite> <!-- EPCTestCases.TC_EPC_006_NavigatingToPlacedOrders -->
