<?xml version="1.0" encoding="UTF-8"?>
<!-- Generated by org.testng.reporters.JUnitReportReporter -->
<testsuite hostname="LSLRHRL0213" name="EPCTestCases.TC_EPC_008_NavigatingToPendingOrders" tests="1" failures="0" timestamp="22 Feb 2018 11:28:22 GMT" time="32.462" errors="0">
  <testcase name="NavigatingToPendingOrders" time="32.462" classname="EPCTestCases.TC_EPC_008_NavigatingToPendingOrders"/>
</testsuite> <!-- EPCTestCases.TC_EPC_008_NavigatingToPendingOrders -->
