<?xml version="1.0" encoding="UTF-8"?>
<!-- Generated by org.testng.reporters.JUnitReportReporter -->
<testsuite hostname="LSLRHR0213" name="sanityTesting.TC_EPC_Logout_001" tests="1" failures="0" timestamp="5 Dec 2017 04:53:00 GMT" time="26.491" errors="0">
  <testcase name="loginlogout" time="26.491" classname="sanityTesting.TC_EPC_Logout_001"/>
</testsuite> <!-- sanityTesting.TC_EPC_Logout_001 -->
