<?xml version="1.0" encoding="UTF-8"?>
<!-- Generated by org.testng.reporters.JUnitReportReporter -->
<testsuite hostname="LSLRHR0213" name="basic.PlaceOrder" tests="1" failures="0" timestamp="28 Nov 2017 02:37:45 GMT" time="10.136" errors="0">
  <testcase name="placeorder" time="10.136" classname="basic.PlaceOrder"/>
</testsuite> <!-- basic.PlaceOrder -->
